
test-cases\D000-1table1column0rows\directGraph-r2rml4net.ttl

test-cases\D001-1table1column1row\directGraph-r2rml4net.ttl
Generated term _:autos16
Generated term http://example.com/base/Student#Name
Generated term Venus

test-cases\D002-1table2columns1row\directGraph-r2rml4net.ttl
Generated term _:autos38
Generated term http://example.com/base/Student#ID
Generated term 10^^http://www.w3.org/2001/XMLSchema#integer
Generated term http://example.com/base/Student#Name
Generated term Venus

test-cases\D003-1table3columns1row\directGraph-r2rml4net.ttl
Generated term _:autos111
Generated term http://example.com/base/Student#ID
Generated term 10^^http://www.w3.org/2001/XMLSchema#integer
Generated term http://example.com/base/Student#FirstName
Generated term Venus
Generated term http://example.com/base/Student#LastName
Generated term Williams

test-cases\D004-1table2columns1row\directGraph-r2rml4net.ttl
Generated term _:autos136
Generated term http://example.com/base/Student_Sport#Student
Generated term Venus
Generated term http://example.com/base/Student_Sport#Sport
Generated term Tennis

test-cases\D005-1table3columns3rows2duplicates\directGraph-r2rml4net.ttl
Generated term _:autos164
Generated term http://example.com/base/IOUs#fname
Generated term Bob
Generated term http://example.com/base/IOUs#lname
Generated term Smith
Generated term http://example.com/base/IOUs#amount
Generated term 3.0E1^^http://www.w3.org/2001/XMLSchema#double
Generated term _:autos166
Generated term http://example.com/base/IOUs#fname
Generated term Sue
Generated term http://example.com/base/IOUs#lname
Generated term Jones
Generated term http://example.com/base/IOUs#amount
Generated term 2.0E1^^http://www.w3.org/2001/XMLSchema#double
Generated term _:autos164
Generated term http://example.com/base/IOUs#fname
Generated term Bob
Generated term http://example.com/base/IOUs#lname
Generated term Smith
Generated term http://example.com/base/IOUs#amount
Generated term 3.0E1^^http://www.w3.org/2001/XMLSchema#double

test-cases\D006-1table1primarykey1column1row\directGraph-r2rml4net.ttl
Generated term http://example.com/base/Student/Name=Venus
Generated term http://example.com/base/Student#Name
Generated term Venus

test-cases\D007-1table1primarykey2columns1row\directGraph-r2rml4net.ttl
Generated term http://example.com/base/Student/ID=10
Generated term http://example.com/base/Student#ID
Generated term 10^^http://www.w3.org/2001/XMLSchema#integer
Generated term http://example.com/base/Student#Name
Generated term Venus

test-cases\D008-1table1compositeprimarykey3columns1row\directGraph-r2rml4net.ttl
Generated term http://example.com/base/Student/ID=10;Name=Venus%20Williams
Generated term http://example.com/base/Student#ID
Generated term 10^^http://www.w3.org/2001/XMLSchema#integer
Generated term http://example.com/base/Student#Name
Generated term Venus Williams
Generated term http://example.com/base/Student#Sport
Generated term Tennis

test-cases\D009-2tables1primarykey1foreignkey\directGraph-r2rml4net.ttl
Generated term http://example.com/base/Sport/ID=100
Generated term http://example.com/base/Sport#ID
Generated term 100^^http://www.w3.org/2001/XMLSchema#integer
Generated term http://example.com/base/Sport#Name
Generated term Tennis
Generated term http://example.com/base/Student/ID=10
Generated term http://example.com/base/Student#ID
Generated term 10^^http://www.w3.org/2001/XMLSchema#integer
Generated term http://example.com/base/Student#Name
Generated term Venus Williams
Generated term http://example.com/base/Student#Sport
Generated term 100^^http://www.w3.org/2001/XMLSchema#integer
Generated term http://example.com/base/Student#ref-Sport
Generated term http://example.com/base/Sport/ID=100
Generated term http://example.com/base/Student/ID=20
Generated term http://example.com/base/Student#ID
Generated term 20^^http://www.w3.org/2001/XMLSchema#integer
Generated term http://example.com/base/Student#Name
Generated term Demi Moore
Generated term http://example.com/base/Student#Sport
Term map _:autos350 produced null term
Generated term http://example.com/base/Student#ref-Sport
Term map _:autos353 produced null term

test-cases\D010-1table1primarykey3colums3rows\directGraph-r2rml4net.ttl
Generated term http://example.com/base/Country%20Info/Country%20Code=1
Generated term http://example.com/base/Country%20Info#Country%20Code
Generated term 1^^http://www.w3.org/2001/XMLSchema#integer
Generated term http://example.com/base/Country%20Info#Name
Generated term Bolivia, Plurinational State of
Generated term http://example.com/base/Country%20Info#ISO%203166
Generated term BO
Generated term http://example.com/base/Country%20Info/Country%20Code=2
Generated term http://example.com/base/Country%20Info#Country%20Code
Generated term 2^^http://www.w3.org/2001/XMLSchema#integer
Generated term http://example.com/base/Country%20Info#Name
Generated term Ireland
Generated term http://example.com/base/Country%20Info#ISO%203166
Generated term IE
Generated term http://example.com/base/Country%20Info/Country%20Code=3
Generated term http://example.com/base/Country%20Info#Country%20Code
Generated term 3^^http://www.w3.org/2001/XMLSchema#integer
Generated term http://example.com/base/Country%20Info#Name
Generated term Saint Martin (French part)
Generated term http://example.com/base/Country%20Info#ISO%203166
Generated term MF

test-cases\D011-M2MRelations\directGraph-r2rml4net.ttl
Generated term http://example.com/base/Sport/ID=110
Generated term http://example.com/base/Sport#ID
Generated term 110^^http://www.w3.org/2001/XMLSchema#integer
Generated term http://example.com/base/Sport#Description
Generated term Tennis
Generated term http://example.com/base/Sport/ID=111
Generated term http://example.com/base/Sport#ID
Generated term 111^^http://www.w3.org/2001/XMLSchema#integer
Generated term http://example.com/base/Sport#Description
Generated term Football
Generated term http://example.com/base/Sport/ID=112
Generated term http://example.com/base/Sport#ID
Generated term 112^^http://www.w3.org/2001/XMLSchema#integer
Generated term http://example.com/base/Sport#Description
Generated term Formula1
Generated term http://example.com/base/Student/ID=10
Generated term http://example.com/base/Student#ID
Generated term 10^^http://www.w3.org/2001/XMLSchema#integer
Generated term http://example.com/base/Student#FirstName
Generated term Venus
Generated term http://example.com/base/Student#LastName
Generated term Williams
Generated term http://example.com/base/Student/ID=11
Generated term http://example.com/base/Student#ID
Generated term 11^^http://www.w3.org/2001/XMLSchema#integer
Generated term http://example.com/base/Student#FirstName
Generated term Fernando
Generated term http://example.com/base/Student#LastName
Generated term Alonso
Generated term http://example.com/base/Student/ID=12
Generated term http://example.com/base/Student#ID
Generated term 12^^http://www.w3.org/2001/XMLSchema#integer
Generated term http://example.com/base/Student#FirstName
Generated term David
Generated term http://example.com/base/Student#LastName
Generated term Villa
Generated term http://example.com/base/Student_Sport/ID_Student=10;ID_Sport=110
Generated term http://example.com/base/Student_Sport#ID_Student
Generated term 10^^http://www.w3.org/2001/XMLSchema#integer
Generated term http://example.com/base/Student_Sport#ID_Sport
Generated term 110^^http://www.w3.org/2001/XMLSchema#integer
Generated term http://example.com/base/Student_Sport#ref-ID_Sport
Generated term http://example.com/base/Sport/ID=110
Generated term http://example.com/base/Student_Sport#ref-ID_Student
Generated term http://example.com/base/Student/ID=10
Generated term http://example.com/base/Student_Sport/ID_Student=11;ID_Sport=111
Generated term http://example.com/base/Student_Sport#ID_Student
Generated term 11^^http://www.w3.org/2001/XMLSchema#integer
Generated term http://example.com/base/Student_Sport#ID_Sport
Generated term 111^^http://www.w3.org/2001/XMLSchema#integer
Generated term http://example.com/base/Student_Sport#ref-ID_Sport
Generated term http://example.com/base/Sport/ID=111
Generated term http://example.com/base/Student_Sport#ref-ID_Student
Generated term http://example.com/base/Student/ID=11
Generated term http://example.com/base/Student_Sport/ID_Student=11;ID_Sport=112
Generated term http://example.com/base/Student_Sport#ID_Student
Generated term 11^^http://www.w3.org/2001/XMLSchema#integer
Generated term http://example.com/base/Student_Sport#ID_Sport
Generated term 112^^http://www.w3.org/2001/XMLSchema#integer
Generated term http://example.com/base/Student_Sport#ref-ID_Sport
Generated term http://example.com/base/Sport/ID=112
Generated term http://example.com/base/Student_Sport#ref-ID_Student
Generated term http://example.com/base/Student/ID=11
Generated term http://example.com/base/Student_Sport/ID_Student=12;ID_Sport=111
Generated term http://example.com/base/Student_Sport#ID_Student
Generated term 12^^http://www.w3.org/2001/XMLSchema#integer
Generated term http://example.com/base/Student_Sport#ID_Sport
Generated term 111^^http://www.w3.org/2001/XMLSchema#integer
Generated term http://example.com/base/Student_Sport#ref-ID_Sport
Generated term http://example.com/base/Sport/ID=111
Generated term http://example.com/base/Student_Sport#ref-ID_Student
Generated term http://example.com/base/Student/ID=12

test-cases\D012-2tables2duplicates0nulls\directGraph-r2rml4net.ttl
Generated term _:autos523
Generated term http://example.com/base/IOUs#fname
Generated term Bob
Generated term http://example.com/base/IOUs#lname
Generated term Smith
Generated term http://example.com/base/IOUs#amount
Generated term 3.0E1^^http://www.w3.org/2001/XMLSchema#double
Generated term _:autos525
Generated term http://example.com/base/IOUs#fname
Generated term Sue
Generated term http://example.com/base/IOUs#lname
Generated term Jones
Generated term http://example.com/base/IOUs#amount
Generated term 2.0E1^^http://www.w3.org/2001/XMLSchema#double
Generated term _:autos523
Generated term http://example.com/base/IOUs#fname
Generated term Bob
Generated term http://example.com/base/IOUs#lname
Generated term Smith
Generated term http://example.com/base/IOUs#amount
Generated term 3.0E1^^http://www.w3.org/2001/XMLSchema#double
Generated term _:autos527
Generated term http://example.com/base/Lives#fname
Generated term Bob
Generated term http://example.com/base/Lives#lname
Generated term Smith
Generated term http://example.com/base/Lives#city
Generated term London
Generated term _:autos529
Generated term http://example.com/base/Lives#fname
Generated term Sue
Generated term http://example.com/base/Lives#lname
Generated term Jones
Generated term http://example.com/base/Lives#city
Generated term Madrid
Generated term _:autos527
Generated term http://example.com/base/Lives#fname
Generated term Bob
Generated term http://example.com/base/Lives#lname
Generated term Smith
Generated term http://example.com/base/Lives#city
Generated term London

test-cases\D013-1table1primarykey3columns2rows1nullvalue\directGraph-r2rml4net.ttl
Generated term http://example.com/base/Person/ID=1
Generated term http://example.com/base/Person#ID
Generated term 1^^http://www.w3.org/2001/XMLSchema#integer
Generated term http://example.com/base/Person#Name
Generated term Alice
Generated term http://example.com/base/Person#DateOfBirth
Term map _:autos617 produced null term
Generated term http://example.com/base/Person/ID=2
Generated term http://example.com/base/Person#ID
Generated term 2^^http://www.w3.org/2001/XMLSchema#integer
Generated term http://example.com/base/Person#Name
Generated term Bob
Generated term http://example.com/base/Person#DateOfBirth
Generated term September, 2010

test-cases\D014-3tables1primarykey1foreignkey\directGraph-r2rml4net.ttl
Generated term _:autos665
Generated term http://example.com/base/DEPT#deptno
Generated term 10^^http://www.w3.org/2001/XMLSchema#integer
Generated term http://example.com/base/DEPT#dname
Generated term APPSERVER
Generated term http://example.com/base/DEPT#loc
Generated term NEW YORK
Generated term http://example.com/base/EMP/empno=7369
Generated term http://example.com/base/EMP#empno
Generated term 7369^^http://www.w3.org/2001/XMLSchema#integer
Generated term http://example.com/base/EMP#ename
Generated term SMITH
Generated term http://example.com/base/EMP#job
Generated term CLERK
Generated term http://example.com/base/EMP#deptno
Generated term 10^^http://www.w3.org/2001/XMLSchema#integer
Generated term http://example.com/base/EMP#etype
Generated term PART_TIME
Generated term http://example.com/base/EMP#ref-deptno
Generated term _:autos665
Generated term _:autos667
Generated term http://example.com/base/LIKES#id
Generated term 7369^^http://www.w3.org/2001/XMLSchema#integer
Generated term http://example.com/base/LIKES#likeType
Generated term Playing
Generated term http://example.com/base/LIKES#likedObj
Generated term Soccer
Generated term _:autos669
Generated term http://example.com/base/LIKES#id
Generated term 7369^^http://www.w3.org/2001/XMLSchema#integer
Generated term http://example.com/base/LIKES#likeType
Generated term Watching
Generated term http://example.com/base/LIKES#likedObj
Generated term Basketball

test-cases\D015-1table3columns1composityeprimarykey3rows2languages\directGraph-r2rml4net.ttl
Generated term http://example.com/base/Country/Code=BO;Lan=EN
Generated term http://example.com/base/Country#Code
Generated term BO
Generated term http://example.com/base/Country#Name
Generated term Bolivia, Plurinational State of
Generated term http://example.com/base/Country#Lan
Generated term EN
Generated term http://example.com/base/Country/Code=BO;Lan=ES
Generated term http://example.com/base/Country#Code
Generated term BO
Generated term http://example.com/base/Country#Name
Generated term Estado Plurinacional de Bolivia
Generated term http://example.com/base/Country#Lan
Generated term ES
Generated term http://example.com/base/Country/Code=IE;Lan=EN
Generated term http://example.com/base/Country#Code
Generated term IE
Generated term http://example.com/base/Country#Name
Generated term Ireland
Generated term http://example.com/base/Country#Lan
Generated term EN
Generated term http://example.com/base/Country/Code=IE;Lan=ES
Generated term http://example.com/base/Country#Code
Generated term IE
Generated term http://example.com/base/Country#Name
Generated term Irlanda
Generated term http://example.com/base/Country#Lan
Generated term ES

test-cases\D016-1table1primarykey10columns3rowsSQLdatatypes\directGraph-r2rml4net.ttl
Generated term http://example.com/base/Patient/ID=10
Generated term http://example.com/base/Patient#ID
Generated term 10^^http://www.w3.org/2001/XMLSchema#integer
Generated term http://example.com/base/Patient#FirstName
Generated term Monica
Generated term http://example.com/base/Patient#LastName
Generated term Geller
Generated term http://example.com/base/Patient#Sex
Generated term female
Generated term http://example.com/base/Patient#Weight
Generated term 8.025E1^^http://www.w3.org/2001/XMLSchema#double
Generated term http://example.com/base/Patient#Height
Generated term 1.65E0^^http://www.w3.org/2001/XMLSchema#double
Generated term http://example.com/base/Patient#BirthDate
Generated term 1981-10-10^^http://www.w3.org/2001/XMLSchema#date
Generated term http://example.com/base/Patient#EntranceDate
Generated term 2009-10-10T12:12:22^^http://www.w3.org/2001/XMLSchema#dateTime
Generated term http://example.com/base/Patient#PaidInAdvance
Generated term false^^http://www.w3.org/2001/XMLSchema#boolean
Generated term http://example.com/base/Patient#Photo
Generated term 89504E470D0A1A0A0000000D49484452000000050000000508060000008D6F26E50000001C4944415408D763F9FFFEBFC37F062005C3201284D031F18258CD04000EF535CBD18E0E1F0000000049454E44AE426082^^http://www.w3.org/2001/XMLSchema#hexBinary
Generated term http://example.com/base/Patient/ID=11
Generated term http://example.com/base/Patient#ID
Generated term 11^^http://www.w3.org/2001/XMLSchema#integer
Generated term http://example.com/base/Patient#FirstName
Generated term Rachel
Generated term http://example.com/base/Patient#LastName
Generated term Green
Generated term http://example.com/base/Patient#Sex
Generated term female
Generated term http://example.com/base/Patient#Weight
Generated term 7.022E1^^http://www.w3.org/2001/XMLSchema#double
Generated term http://example.com/base/Patient#Height
Generated term 1.7E0^^http://www.w3.org/2001/XMLSchema#double
Generated term http://example.com/base/Patient#BirthDate
Generated term 1982-11-12^^http://www.w3.org/2001/XMLSchema#date
Generated term http://example.com/base/Patient#EntranceDate
Generated term 2008-11-12T09:45:44^^http://www.w3.org/2001/XMLSchema#dateTime
Generated term http://example.com/base/Patient#PaidInAdvance
Generated term true^^http://www.w3.org/2001/XMLSchema#boolean
Generated term http://example.com/base/Patient#Photo
Generated term 89504E470D0A1A0A0000000D49484452000000050000000508060000008D6F26E50000001C4944415408D763F9FFFF3FC37F062005C3201284D031F18258CD04000EF535CBD18E0E1F0000000049454E44AE426082^^http://www.w3.org/2001/XMLSchema#hexBinary
Generated term http://example.com/base/Patient/ID=12
Generated term http://example.com/base/Patient#ID
Generated term 12^^http://www.w3.org/2001/XMLSchema#integer
Generated term http://example.com/base/Patient#FirstName
Generated term Chandler
Generated term http://example.com/base/Patient#LastName
Generated term Bing
Generated term http://example.com/base/Patient#Sex
Generated term male
Generated term http://example.com/base/Patient#Weight
Generated term 9.031E1^^http://www.w3.org/2001/XMLSchema#double
Generated term http://example.com/base/Patient#Height
Generated term 1.76E0^^http://www.w3.org/2001/XMLSchema#double
Generated term http://example.com/base/Patient#BirthDate
Generated term 1978-04-06^^http://www.w3.org/2001/XMLSchema#date
Generated term http://example.com/base/Patient#EntranceDate
Generated term 2007-03-12T02:13:14^^http://www.w3.org/2001/XMLSchema#dateTime
Generated term http://example.com/base/Patient#PaidInAdvance
Generated term true^^http://www.w3.org/2001/XMLSchema#boolean
Generated term http://example.com/base/Patient#Photo
Generated term 89504E470D0A1A0A0000000D49484452000000050000000508060000008D6F26E50000001C4944415408D763F9FFFEBFC37F062005C3201284D031F18258CD04000EF535CBD18E0E1F0000000049454E44AE426082^^http://www.w3.org/2001/XMLSchema#hexBinary

test-cases\D017-I18NnoSpecialChars\directGraph-r2rml4net.ttl
Generated term _:autos920
Generated term http://example.com/base/%E6%88%90%E5%88%86#%E7%9A%BF
Generated term しそのとまと
Generated term http://example.com/base/%E6%88%90%E5%88%86#%E6%A4%8D%E7%89%A9%E5%90%8D
Generated term しそ
Generated term http://example.com/base/%E6%88%90%E5%88%86#%E4%BD%BF%E7%94%A8%E9%83%A8
Generated term 葉
Generated term http://example.com/base/%E6%88%90%E5%88%86#ref-%E6%A4%8D%E7%89%A9%E5%90%8D;%E4%BD%BF%E7%94%A8%E9%83%A8
Generated term http://example.com/base/%E6%A4%8D%E7%89%A9/%E5%90%8D=%E3%81%97%E3%81%9D;%E4%BD%BF%E7%94%A8%E9%83%A8=%E8%91%89
Generated term http://example.com/base/%E6%A4%8D%E7%89%A9/%E5%90%8D=%E3%81%97%E3%81%9D;%E4%BD%BF%E7%94%A8%E9%83%A8=%E8%91%89
Generated term http://example.com/base/%E6%A4%8D%E7%89%A9#%E5%90%8D
Generated term しそ
Generated term http://example.com/base/%E6%A4%8D%E7%89%A9#%E4%BD%BF%E7%94%A8%E9%83%A8
Generated term 葉
Generated term http://example.com/base/%E6%A4%8D%E7%89%A9#%E6%9D%A1%E4%BB%B6
Generated term 新鮮な

test-cases\D018-1table1primarykey2columns3rows\directGraph-r2rml4net.ttl
Generated term _:autos930
Generated term http://example.com/base/Student#ID
Generated term 10^^http://www.w3.org/2001/XMLSchema#integer
Generated term http://example.com/base/Student#Name
Generated term Venus          
Generated term _:autos932
Generated term http://example.com/base/Student#ID
Generated term 20^^http://www.w3.org/2001/XMLSchema#integer
Generated term http://example.com/base/Student#Name
Generated term Fernando       
Generated term _:autos934
Generated term http://example.com/base/Student#ID
Generated term 30^^http://www.w3.org/2001/XMLSchema#integer
Generated term http://example.com/base/Student#Name
Generated term David          

test-cases\D019-1table1primarykey3columns3rows\directGraph-r2rml4net.ttl
Generated term _:autos955
Generated term http://example.com/base/Employee#ID
Generated term 10^^http://www.w3.org/2001/XMLSchema#integer
Generated term http://example.com/base/Employee#FirstName
Generated term http://example.com/ns#Jhon
Generated term http://example.com/base/Employee#LastName
Generated term Smith
Generated term _:autos957
Generated term http://example.com/base/Employee#ID
Generated term 20^^http://www.w3.org/2001/XMLSchema#integer
Generated term http://example.com/base/Employee#FirstName
Generated term Carlos
Generated term http://example.com/base/Employee#LastName
Generated term Mendoza
Generated term _:autos959
Generated term http://example.com/base/Employee#ID
Generated term 30^^http://www.w3.org/2001/XMLSchema#integer
Generated term http://example.com/base/Employee#FirstName
Generated term Juan Daniel
Generated term http://example.com/base/Employee#LastName
Generated term Crespo

test-cases\D020-1table1column5rows\directGraph-r2rml4net.ttl
Generated term _:autos976
Generated term http://example.com/base/Student#Name
Generated term http://example.com/company/Alice
Generated term _:autos978
Generated term http://example.com/base/Student#Name
Generated term Bob
Generated term _:autos980
Generated term http://example.com/base/Student#Name
Generated term Bob/Charles
Generated term _:autos982
Generated term http://example.com/base/Student#Name
Generated term path/../Danny
Generated term _:autos984
Generated term http://example.com/base/Student#Name
Generated term Emily Smith

test-cases\D021-2tables2primarykeys1foreignkeyReferencesAllNulls\directGraph-r2rml4net.ttl
Generated term http://example.com/base/Source/ID=1100
Generated term http://example.com/base/Source#ID
Generated term 1100^^http://www.w3.org/2001/XMLSchema#integer
Generated term http://example.com/base/Source#attrA
Generated term K2A21
Generated term http://example.com/base/Source#attrB
Generated term K2A11
Generated term http://example.com/base/Source#ref-attrA;attrB
Generated term http://example.com/base/Target/PK=1010
Generated term http://example.com/base/Source/ID=1101
Generated term http://example.com/base/Source#ID
Generated term 1101^^http://www.w3.org/2001/XMLSchema#integer
Generated term http://example.com/base/Source#attrA
Generated term K2A22
Generated term http://example.com/base/Source#attrB
Term map _:autos1007 produced null term
Generated term http://example.com/base/Source#ref-attrA;attrB
Term map _:autos1010 produced null term
Generated term http://example.com/base/Source/ID=1102
Generated term http://example.com/base/Source#ID
Generated term 1102^^http://www.w3.org/2001/XMLSchema#integer
Generated term http://example.com/base/Source#attrA
Term map _:autos1004 produced null term
Generated term http://example.com/base/Source#attrB
Term map _:autos1007 produced null term
Generated term http://example.com/base/Source#ref-attrA;attrB
Term map _:autos1010 produced null term
Generated term http://example.com/base/Target/PK=1010
Generated term http://example.com/base/Target#PK
Generated term 1010^^http://www.w3.org/2001/XMLSchema#integer
Generated term http://example.com/base/Target#key1attr1
Generated term K1A11
Generated term http://example.com/base/Target#key1attr2
Generated term K1A21
Generated term http://example.com/base/Target#key2attr1
Generated term K2A11
Generated term http://example.com/base/Target#key2attr2
Generated term K2A21
Generated term http://example.com/base/Target/PK=1011
Generated term http://example.com/base/Target#PK
Generated term 1011^^http://www.w3.org/2001/XMLSchema#integer
Generated term http://example.com/base/Target#key1attr1
Generated term K1A12
Generated term http://example.com/base/Target#key1attr2
Generated term K1A22
Generated term http://example.com/base/Target#key2attr1
Term map _:autos1024 produced null term
Generated term http://example.com/base/Target#key2attr2
Generated term K2A22
Generated term http://example.com/base/Target/PK=1012
Generated term http://example.com/base/Target#PK
Generated term 1012^^http://www.w3.org/2001/XMLSchema#integer
Generated term http://example.com/base/Target#key1attr1
Generated term K1A13
Generated term http://example.com/base/Target#key1attr2
Generated term K1A23
Generated term http://example.com/base/Target#key2attr1
Term map _:autos1024 produced null term
Generated term http://example.com/base/Target#key2attr2
Term map _:autos1027 produced null term

test-cases\D022-2tables1primarykey1foreignkeyReferencesNoPrimaryKey\directGraph-r2rml4net.ttl
Generated term http://example.com/base/Source/ID=1100
Generated term http://example.com/base/Source#ID
Generated term 1100^^http://www.w3.org/2001/XMLSchema#integer
Generated term http://example.com/base/Source#attrA
Generated term K2A2
Generated term http://example.com/base/Source#attrB
Generated term K2A1
Generated term http://example.com/base/Source#ref-attrA;attrB
Generated term _:autos1059
Generated term _:autos1059
Generated term http://example.com/base/Target#litattr1
Generated term 1010^^http://www.w3.org/2001/XMLSchema#integer
Generated term http://example.com/base/Target#key1attr1
Generated term K1A1
Generated term http://example.com/base/Target#key1attr2
Generated term K1A2
Generated term http://example.com/base/Target#key2attr1
Generated term K2A1
Generated term http://example.com/base/Target#key2attr2
Generated term K2A2

test-cases\D023-2tables2primarykeys2foreignkeysReferencesToNon-primarykeys\directGraph-r2rml4net.ttl
Generated term http://example.com/base/Source/ID=1100
Generated term http://example.com/base/Source#ID
Generated term 1100^^http://www.w3.org/2001/XMLSchema#integer
Generated term http://example.com/base/Source#attrA
Generated term K2A2
Generated term http://example.com/base/Source#attrB
Generated term K2A1
Generated term http://example.com/base/Source#ref-attrA;attrB
Generated term http://example.com/base/Target/PK=1010
Generated term http://example.com/base/Target/PK=1010
Generated term http://example.com/base/Target#PK
Generated term 1010^^http://www.w3.org/2001/XMLSchema#integer
Generated term http://example.com/base/Target#key1attr1
Generated term K1A1
Generated term http://example.com/base/Target#key1attr2
Generated term K1A2
Generated term http://example.com/base/Target#key2attr1
Generated term K2A1
Generated term http://example.com/base/Target#key2attr2
Generated term K2A2

test-cases\D024-2tables2primarykeys1foreignkeyToARowWithSomeNulls\directGraph-r2rml4net.ttl
Generated term http://example.com/base/Source/ID=1100
Generated term http://example.com/base/Source#ID
Generated term 1100^^http://www.w3.org/2001/XMLSchema#integer
Generated term http://example.com/base/Source#attrA
Generated term K2A21
Generated term http://example.com/base/Source#attrB
Generated term K2A11
Generated term http://example.com/base/Source#ref-attrA;attrB
Generated term http://example.com/base/Target/PK=1010
Generated term http://example.com/base/Source/ID=1101
Generated term http://example.com/base/Source#ID
Generated term 1101^^http://www.w3.org/2001/XMLSchema#integer
Generated term http://example.com/base/Source#attrA
Generated term K2A22
Generated term http://example.com/base/Source#attrB
Term map _:autos1104 produced null term
Generated term http://example.com/base/Source#ref-attrA;attrB
Term map _:autos1107 produced null term
Generated term http://example.com/base/Target/PK=1010
Generated term http://example.com/base/Target#PK
Generated term 1010^^http://www.w3.org/2001/XMLSchema#integer
Generated term http://example.com/base/Target#key1attr1
Generated term K1A11
Generated term http://example.com/base/Target#key1attr2
Generated term K1A21
Generated term http://example.com/base/Target#key2attr1
Generated term K2A11
Generated term http://example.com/base/Target#key2attr2
Generated term K2A21
Generated term http://example.com/base/Target/PK=1011
Generated term http://example.com/base/Target#PK
Generated term 1011^^http://www.w3.org/2001/XMLSchema#integer
Generated term http://example.com/base/Target#key1attr1
Generated term K1A12
Generated term http://example.com/base/Target#key1attr2
Generated term K1A22
Generated term http://example.com/base/Target#key2attr1
Term map _:autos1121 produced null term
Generated term http://example.com/base/Target#key2attr2
Generated term K2A22

test-cases\D025-3tables3primarykeys3foreignkeys\directGraph-r2rml4net.ttl
Generated term http://example.com/base/Addresses/ID=18
Generated term http://example.com/base/Addresses#ID
Generated term 18^^http://www.w3.org/2001/XMLSchema#integer
Generated term http://example.com/base/Addresses#city
Generated term Cambridge
Generated term http://example.com/base/Addresses#state
Generated term MA
Generated term http://example.com/base/Department/ID=23
Generated term http://example.com/base/Department#ID
Generated term 23^^http://www.w3.org/2001/XMLSchema#integer
Generated term http://example.com/base/Department#name
Generated term accounting
Generated term http://example.com/base/Department#city
Generated term Cambridge
Generated term http://example.com/base/Department#manager
Generated term 8^^http://www.w3.org/2001/XMLSchema#integer
Generated term http://example.com/base/Department#ref-manager
Generated term http://example.com/base/People/ID=8
Generated term http://example.com/base/People/ID=7
Generated term http://example.com/base/People#ID
Generated term 7^^http://www.w3.org/2001/XMLSchema#integer
Generated term http://example.com/base/People#fname
Generated term Bob
Generated term http://example.com/base/People#addr
Generated term 18^^http://www.w3.org/2001/XMLSchema#integer
Generated term http://example.com/base/People#deptName
Generated term accounting
Generated term http://example.com/base/People#deptCity
Generated term Cambridge
Generated term http://example.com/base/People#ref-deptName;deptCity
Generated term http://example.com/base/Department/ID=23
Generated term http://example.com/base/People#ref-addr
Generated term http://example.com/base/Addresses/ID=18
Generated term http://example.com/base/People/ID=8
Generated term http://example.com/base/People#ID
Generated term 8^^http://www.w3.org/2001/XMLSchema#integer
Generated term http://example.com/base/People#fname
Generated term Sue
Generated term http://example.com/base/People#addr
Term map _:autos1164 produced null term
Generated term http://example.com/base/People#deptName
Term map _:autos1167 produced null term
Generated term http://example.com/base/People#deptCity
Term map _:autos1170 produced null term
Generated term http://example.com/base/People#ref-deptName;deptCity
Term map _:autos1173 produced null term
Generated term http://example.com/base/People#ref-addr
Term map _:autos1176 produced null term
Generated term _:autos1222
Generated term http://example.com/base/Projects#lead
Generated term 8^^http://www.w3.org/2001/XMLSchema#integer
Generated term http://example.com/base/Projects#name
Generated term pencil survey
Generated term http://example.com/base/Projects#deptName
Generated term accounting
Generated term http://example.com/base/Projects#deptCity
Generated term Cambridge
Generated term http://example.com/base/Projects#ref-deptName;deptCity
Generated term http://example.com/base/Department/ID=23
Generated term http://example.com/base/Projects#ref-lead
Generated term http://example.com/base/People/ID=8
Generated term _:autos1224
Generated term http://example.com/base/Projects#lead
Generated term 8^^http://www.w3.org/2001/XMLSchema#integer
Generated term http://example.com/base/Projects#name
Generated term eraser survey
Generated term http://example.com/base/Projects#deptName
Generated term accounting
Generated term http://example.com/base/Projects#deptCity
Generated term Cambridge
Generated term http://example.com/base/Projects#ref-deptName;deptCity
Generated term http://example.com/base/Department/ID=23
Generated term http://example.com/base/Projects#ref-lead
Generated term http://example.com/base/People/ID=8
Generated term http://example.com/base/TaskAssignments/worker=7;project=pencil%20survey
Generated term http://example.com/base/TaskAssignments#worker
Generated term 7^^http://www.w3.org/2001/XMLSchema#integer
Generated term http://example.com/base/TaskAssignments#project
Generated term pencil survey
Generated term http://example.com/base/TaskAssignments#deptName
Generated term accounting
Generated term http://example.com/base/TaskAssignments#deptCity
Generated term Cambridge
Generated term http://example.com/base/TaskAssignments#ref-worker
Generated term http://example.com/base/People/ID=7
Generated term http://example.com/base/TaskAssignments#ref-project;deptName;deptCity
Generated term _:autos1222
Generated term http://example.com/base/TaskAssignments#ref-deptName;deptCity
Generated term http://example.com/base/Department/ID=23
